Build started 12/17/2014 10:14:08 AM.
     1>Project "C:\Users\WP-015\Documents\3D\3D-Game\Application3DPart1.vcxproj" on node 2 (Build target(s)).
     1>ClCompile:
         C:\Program Files\Microsoft Visual Studio 12.0\VC\bin\CL.exe /c /I"C:\glut-3.7.6-bin" /ZI /nologo /W3 /WX- /sdl /Od /Oy- /D WIN32 /D _DEBUG /D _CONSOLE /D _LIB /D GLUT_BUILDING_LIB /D _CRT_SECURE_NO_WARNINGS /D _UNICODE /D UNICODE /Gm /EHsc /RTC1 /MDd /GS /fp:precise /Zc:wchar_t /Zc:forScope /Fo"Debug\\" /Fd"Debug\vc120.pdb" /Gd /TP /analyze- /errorReport:prompt Camera.cpp Cube.cpp Main.cpp Terrain.cpp Texture.cpp
         Texture.cpp
         Terrain.cpp
         Main.cpp
         Cube.cpp
         Camera.cpp
         Generating Code...
         C:\Program Files\Microsoft Visual Studio 12.0\VC\bin\CL.exe /c /I"C:\glut-3.7.6-bin" /ZI /nologo /W3 /WX- /sdl /Od /Oy- /D WIN32 /D _DEBUG /D _CONSOLE /D _LIB /D GLUT_BUILDING_LIB /D _CRT_SECURE_NO_WARNINGS /D _UNICODE /D UNICODE /Gm /EHsc /RTC1 /MDd /GS /fp:precise /Zc:wchar_t /Zc:forScope /Fo"Debug\\" /Fd"Debug\vc120.pdb" /Gd /TC /analyze- /errorReport:prompt stb_image.c
         stb_image.c
       Link:
         C:\Program Files\Microsoft Visual Studio 12.0\VC\bin\link.exe /ERRORREPORT:PROMPT /OUT:"C:\Users\WP-015\Documents\3D\3D-Game\Debug\Application3DPart1.exe" /INCREMENTAL /NOLOGO /LIBPATH:"C:\glut-3.7.6-bin" opengl32.lib glut32.lib glu32.lib kernel32.lib user32.lib gdi32.lib winspool.lib comdlg32.lib advapi32.lib shell32.lib ole32.lib oleaut32.lib uuid.lib odbc32.lib odbccp32.lib /MANIFEST /MANIFESTUAC:"level='asInvoker' uiAccess='false'" /manifest:embed /DEBUG /PDB:"C:\Users\WP-015\Documents\3D\3D-Game\Debug\Application3DPart1.pdb" /SUBSYSTEM:CONSOLE /TLBID:1 /DYNAMICBASE /NXCOMPAT /IMPLIB:"C:\Users\WP-015\Documents\3D\3D-Game\Debug\Application3DPart1.lib" /MACHINE:X86 Debug\Camera.obj
         Debug\Cube.obj
         Debug\Main.obj
         Debug\stb_image.obj
         Debug\Terrain.obj
         Debug\Texture.obj
         Application3DPart1.vcxproj -> C:\Users\WP-015\Documents\3D\3D-Game\Debug\Application3DPart1.exe
     1>Done Building Project "C:\Users\WP-015\Documents\3D\3D-Game\Application3DPart1.vcxproj" (Build target(s)).

Build succeeded.

Time Elapsed 00:00:07.00
