h:\igor school\3d applicatie\application3dpart1\debug\vc120.pdb
h:\igor school\3d applicatie\application3dpart1\debug\vc120.idb
h:\igor school\3d applicatie\application3dpart1\debug\camera.obj
h:\igor school\3d applicatie\application3dpart1\debug\main.obj
h:\igor school\3d applicatie\application3dpart1\debug\texture.obj
h:\igor school\3d applicatie\application3dpart1\debug\cube.obj
h:\igor school\3d applicatie\application3dpart1\debug\stb_image.obj
h:\igor school\3d applicatie\application3dpart1\debug\application3dpart1.pdb
h:\igor school\3d applicatie\application3dpart1\debug\applicat.728e431f.tlog\cl.read.1.tlog
h:\igor school\3d applicatie\application3dpart1\debug\applicat.728e431f.tlog\link.read.1.tlog
h:\igor school\3d applicatie\application3dpart1\debug\applicat.728e431f.tlog\cl.write.1.tlog
h:\igor school\3d applicatie\application3dpart1\debug\applicat.728e431f.tlog\cl.command.1.tlog
h:\igor school\3d applicatie\application3dpart1\debug\applicat.728e431f.tlog\link.command.1.tlog
h:\igor school\3d applicatie\application3dpart1\debug\applicat.728e431f.tlog\link.write.1.tlog
h:\igor school\3d applicatie\application3dpart1\debug\applicat.728e431f.tlog\link.9588-rc.read.1.tlog
h:\igor school\3d applicatie\application3dpart1\debug\applicat.728e431f.tlog\link.9588-rc.write.1.tlog
h:\igor school\3d applicatie\application3dpart1\debug\applicat.728e431f.tlog\link.9588-cvtres.read.1.tlog
h:\igor school\3d applicatie\application3dpart1\debug\applicat.728e431f.tlog\link.9588-cvtres.write.1.tlog
h:\igor school\3d applicatie\application3dpart1\debug\applicat.728e431f.tlog\link.9588.read.1.tlog
h:\igor school\3d applicatie\application3dpart1\debug\applicat.728e431f.tlog\link.9588.write.1.tlog
